<?xml version="1.0" encoding="UTF-8"?>
<coverage generated="1748553775204" clover="3.2.0">
  <project timestamp="1748553775205" name="All files">
    <metrics statements="14" coveredstatements="14" conditionals="8" coveredconditionals="7" methods="5" coveredmethods="5" elements="27" coveredelements="26" complexity="0" loc="14" ncloc="14" packages="1" files="1" classes="1"/>
    <file name="herbivoresAndCarnivores.js" path="D:\Project\JS\js_herbivores_and_carnivores\src\herbivoresAndCarnivores.js">
      <metrics statements="14" coveredstatements="14" conditionals="8" coveredconditionals="7" methods="5" coveredmethods="5"/>
      <line num="4" count="1" type="stmt"/>
      <line num="7" count="24" type="stmt"/>
      <line num="8" count="24" type="stmt"/>
      <line num="9" count="24" type="stmt"/>
      <line num="15" count="12" type="stmt"/>
      <line num="16" count="12" type="stmt"/>
      <line num="19" count="2" type="stmt"/>
      <line num="25" count="9" type="cond" truecount="2" falsecount="0"/>
      <line num="26" count="7" type="stmt"/>
      <line num="28" count="7" type="cond" truecount="2" falsecount="0"/>
      <line num="29" count="59" type="stmt"/>
      <line num="31" count="3" type="cond" truecount="1" falsecount="1"/>
      <line num="32" count="3" type="stmt"/>
      <line num="39" count="1" type="stmt"/>
    </file>
  </project>
</coverage>
